
> art-design-pro@0.0.0 build
> vue-tsc --noEmit && vite build

🚀 API_URL = /
🚀 VERSION = 3.0.2
[36mvite v7.1.7 [32mbuilding for production...[36m[39m
transforming...
[32m✓[39m 3088 modules transformed.
rendering chunks...
computing gzip size...
[2mdist/[22m[32mindex.html                                                                     [39m[1m[2m    2.19 kB[22m[1m[22m[2m │ gzip:   1.10 kB[22m
[2mdist/[22m[32massets/login_icon-C4TVlUS8.svg                                                 [39m[1m[2m    4.23 kB[22m[1m[22m[2m │ gzip:   1.48 kB[22m
[2mdist/[22m[32massets/KaTeX_Size3-Regular-CTq5MqoE.woff                                       [39m[1m[2m    4.42 kB[22m[1m[22m
[2mdist/[22m[32massets/403-BdWuHcJA.svg                                                        [39m[1m[2m    4.61 kB[22m[1m[22m[2m │ gzip:   1.55 kB[22m
[2mdist/[22m[32massets/yd-BrGqJ6Cs.png                                                         [39m[1m[2m    4.63 kB[22m[1m[22m
[2mdist/[22m[32massets/sd-C0PQtrty.png                                                         [39m[1m[2m    4.75 kB[22m[1m[22m
[2mdist/[22m[32massets/500-C-Ru4KUd.svg                                                        [39m[1m[2m    4.93 kB[22m[1m[22m[2m │ gzip:   1.75 kB[22m
[2mdist/[22m[32massets/KaTeX_Size4-Regular-Dl5lxZxV.woff2                                      [39m[1m[2m    4.93 kB[22m[1m[22m
[2mdist/[22m[32massets/404-BzxNMzaO.svg                                                        [39m[1m[2m    5.12 kB[22m[1m[22m[2m │ gzip:   1.94 kB[22m
[2mdist/[22m[32massets/KaTeX_Size2-Regular-Dy4dx90m.woff2                                      [39m[1m[2m    5.21 kB[22m[1m[22m
[2mdist/[22m[32massets/KaTeX_Size1-Regular-mCD8mA8B.woff2                                      [39m[1m[2m    5.47 kB[22m[1m[22m
[2mdist/[22m[32massets/KaTeX_Size4-Regular-BF-4gkZK.woff                                       [39m[1m[2m    5.98 kB[22m[1m[22m
[2mdist/[22m[32massets/KaTeX_Size2-Regular-oD1tc_U0.woff                                       [39m[1m[2m    6.19 kB[22m[1m[22m
[2mdist/[22m[32massets/KaTeX_Size1-Regular-C195tn64.woff                                       [39m[1m[2m    6.50 kB[22m[1m[22m
[2mdist/[22m[32massets/KaTeX_Caligraphic-Regular-Di6jR-x-.woff2                                [39m[1m[2m    6.91 kB[22m[1m[22m
[2mdist/[22m[32massets/KaTeX_Caligraphic-Bold-Dq_IR9rO.woff2                                   [39m[1m[2m    6.91 kB[22m[1m[22m
[2mdist/[22m[32massets/KaTeX_Size3-Regular-DgpXs0kz.ttf                                        [39m[1m[2m    7.59 kB[22m[1m[22m
[2mdist/[22m[32massets/KaTeX_Caligraphic-Regular-CTRA-rTL.woff                                 [39m[1m[2m    7.66 kB[22m[1m[22m
[2mdist/[22m[32massets/KaTeX_Caligraphic-Bold-BEiXGLvX.woff                                    [39m[1m[2m    7.72 kB[22m[1m[22m
[2mdist/[22m[32massets/KaTeX_Script-Regular-D3wIWfF6.woff2                                     [39m[1m[2m    9.64 kB[22m[1m[22m
[2mdist/[22m[32massets/KaTeX_SansSerif-Regular-DDBCnlJ7.woff2                                  [39m[1m[2m   10.34 kB[22m[1m[22m
[2mdist/[22m[32massets/KaTeX_Size4-Regular-DWFBv043.ttf                                        [39m[1m[2m   10.36 kB[22m[1m[22m
[2mdist/[22m[32massets/KaTeX_Script-Regular-D5yQViql.woff                                      [39m[1m[2m   10.59 kB[22m[1m[22m
[2mdist/[22m[32massets/draw1-Ce1WF34i.png                                                      [39m[1m[2m   11.32 kB[22m[1m[22m
[2mdist/[22m[32massets/KaTeX_Fraktur-Regular-CTYiF6lA.woff2                                    [39m[1m[2m   11.32 kB[22m[1m[22m
[2mdist/[22m[32massets/KaTeX_Fraktur-Bold-CL6g_b3V.woff2                                       [39m[1m[2m   11.35 kB[22m[1m[22m
[2mdist/[22m[32massets/KaTeX_Size2-Regular-B7gKUWhC.ttf                                        [39m[1m[2m   11.51 kB[22m[1m[22m
[2mdist/[22m[32massets/KaTeX_SansSerif-Italic-C3H0VqGB.woff2                                   [39m[1m[2m   12.03 kB[22m[1m[22m
[2mdist/[22m[32massets/KaTeX_SansSerif-Bold-D1sUS0GD.woff2                                     [39m[1m[2m   12.22 kB[22m[1m[22m
[2mdist/[22m[32massets/KaTeX_Size1-Regular-Dbsnue_I.ttf                                        [39m[1m[2m   12.23 kB[22m[1m[22m
[2mdist/[22m[32massets/KaTeX_SansSerif-Regular-CS6fqUqJ.woff                                   [39m[1m[2m   12.32 kB[22m[1m[22m
[2mdist/[22m[32massets/KaTeX_Caligraphic-Regular-wX97UBjC.ttf                                  [39m[1m[2m   12.34 kB[22m[1m[22m
[2mdist/[22m[32massets/bg-DrCBEYh-.webp                                                        [39m[1m[2m   12.35 kB[22m[1m[22m
[2mdist/[22m[32massets/KaTeX_Caligraphic-Bold-ATXxdsX0.ttf                                     [39m[1m[2m   12.37 kB[22m[1m[22m
[2mdist/[22m[32massets/KaTeX_Fraktur-Regular-Dxdc4cR9.woff                                     [39m[1m[2m   13.21 kB[22m[1m[22m
[2mdist/[22m[32massets/KaTeX_Fraktur-Bold-BsDP51OF.woff                                        [39m[1m[2m   13.30 kB[22m[1m[22m
[2mdist/[22m[32massets/KaTeX_Typewriter-Regular-CO6r4hn1.woff2                                 [39m[1m[2m   13.57 kB[22m[1m[22m
[2mdist/[22m[32massets/KaTeX_SansSerif-Italic-DN2j7dab.woff                                    [39m[1m[2m   14.11 kB[22m[1m[22m
[2mdist/[22m[32massets/KaTeX_SansSerif-Bold-DbIhKOiC.woff                                      [39m[1m[2m   14.41 kB[22m[1m[22m
[2mdist/[22m[32massets/KaTeX_Typewriter-Regular-C0xS9mPB.woff                                  [39m[1m[2m   16.03 kB[22m[1m[22m
[2mdist/[22m[32massets/KaTeX_Math-BoldItalic-CZnvNsCZ.woff2                                    [39m[1m[2m   16.40 kB[22m[1m[22m
[2mdist/[22m[32massets/KaTeX_Math-Italic-t53AETM-.woff2                                        [39m[1m[2m   16.44 kB[22m[1m[22m
[2mdist/[22m[32massets/KaTeX_Script-Regular-C5JkGWo-.ttf                                       [39m[1m[2m   16.65 kB[22m[1m[22m
[2mdist/[22m[32massets/KaTeX_Main-BoldItalic-DxDJ3AOS.woff2                                    [39m[1m[2m   16.78 kB[22m[1m[22m
[2mdist/[22m[32massets/KaTeX_Main-Italic-NWA7e6Wa.woff2                                        [39m[1m[2m   16.99 kB[22m[1m[22m
[2mdist/[22m[32massets/KaTeX_Math-BoldItalic-iY-2wyZ7.woff                                     [39m[1m[2m   18.67 kB[22m[1m[22m
[2mdist/[22m[32massets/KaTeX_Math-Italic-DA0__PXp.woff                                         [39m[1m[2m   18.75 kB[22m[1m[22m
[2mdist/[22m[32massets/KaTeX_Main-BoldItalic-SpSLRI95.woff                                     [39m[1m[2m   19.41 kB[22m[1m[22m
[2mdist/[22m[32massets/KaTeX_SansSerif-Regular-BNo7hRIc.ttf                                    [39m[1m[2m   19.44 kB[22m[1m[22m
[2mdist/[22m[32massets/KaTeX_Fraktur-Regular-CB_wures.ttf                                      [39m[1m[2m   19.57 kB[22m[1m[22m
[2mdist/[22m[32massets/KaTeX_Fraktur-Bold-BdnERNNW.ttf                                         [39m[1m[2m   19.58 kB[22m[1m[22m
[2mdist/[22m[32massets/KaTeX_Main-Italic-BMLOBm91.woff                                         [39m[1m[2m   19.68 kB[22m[1m[22m
[2mdist/[22m[32massets/KaTeX_SansSerif-Italic-YYjJ1zSn.ttf                                     [39m[1m[2m   22.36 kB[22m[1m[22m
[2mdist/[22m[32massets/KaTeX_SansSerif-Bold-CFMepnvq.ttf                                       [39m[1m[2m   24.50 kB[22m[1m[22m
[2mdist/[22m[32massets/KaTeX_Main-Bold-Cx986IdX.woff2                                          [39m[1m[2m   25.32 kB[22m[1m[22m
[2mdist/[22m[32massets/KaTeX_Main-Regular-B22Nviop.woff2                                       [39m[1m[2m   26.27 kB[22m[1m[22m
[2mdist/[22m[32massets/KaTeX_Typewriter-Regular-D3Ib7_Hf.ttf                                   [39m[1m[2m   27.56 kB[22m[1m[22m
[2mdist/[22m[32massets/KaTeX_AMS-Regular-BQhdFMY1.woff2                                        [39m[1m[2m   28.08 kB[22m[1m[22m
[2mdist/[22m[32massets/KaTeX_Main-Bold-Jm3AIy58.woff                                           [39m[1m[2m   29.91 kB[22m[1m[22m
[2mdist/[22m[32massets/KaTeX_Main-Regular-Dr94JaBh.woff                                        [39m[1m[2m   30.77 kB[22m[1m[22m
[2mdist/[22m[32massets/KaTeX_Math-BoldItalic-B3XSjfu4.ttf                                      [39m[1m[2m   31.20 kB[22m[1m[22m
[2mdist/[22m[32massets/KaTeX_Math-Italic-flOr_0UB.ttf                                          [39m[1m[2m   31.31 kB[22m[1m[22m
[2mdist/[22m[32massets/KaTeX_Main-BoldItalic-DzxPMmG6.ttf                                      [39m[1m[2m   32.97 kB[22m[1m[22m
[2mdist/[22m[32massets/KaTeX_AMS-Regular-DMm9YOAa.woff                                         [39m[1m[2m   33.52 kB[22m[1m[22m
[2mdist/[22m[32massets/KaTeX_Main-Italic-3WenGoN9.ttf                                          [39m[1m[2m   33.58 kB[22m[1m[22m
[2mdist/[22m[32massets/KaTeX_Main-Bold-waoOVXN0.ttf                                            [39m[1m[2m   51.34 kB[22m[1m[22m
[2mdist/[22m[32massets/KaTeX_Main-Regular-ypZvNtVU.ttf                                         [39m[1m[2m   53.58 kB[22m[1m[22m
[2mdist/[22m[32massets/KaTeX_AMS-Regular-DRggAlZN.ttf                                          [39m[1m[2m   63.63 kB[22m[1m[22m
[2mdist/[22m[32massets/bg_light-WsVMpqKz.webp                                                  [39m[1m[2m   67.25 kB[22m[1m[22m
[2mdist/[22m[32massets/bg_dark-BoZNsetB.webp                                                   [39m[1m[2m   70.59 kB[22m[1m[22m
[2mdist/[22m[32massets/logo-CTP4VqN-.png                                                       [39m[1m[2m  133.61 kB[22m[1m[22m
[2mdist/[22m[35massets/episode-dialog-D50kjIyU.css                                             [39m[1m[2m    0.04 kB[22m[1m[22m[2m │ gzip:   0.06 kB[22m
[2mdist/[22m[35massets/index-CGht0LBe.css                                                      [39m[1m[2m    0.05 kB[22m[1m[22m[2m │ gzip:   0.07 kB[22m
[2mdist/[22m[35massets/index-gmBmreEo.css                                                      [39m[1m[2m    0.05 kB[22m[1m[22m[2m │ gzip:   0.07 kB[22m
[2mdist/[22m[35massets/index-Hprs3uOw.css                                                      [39m[1m[2m    0.05 kB[22m[1m[22m[2m │ gzip:   0.07 kB[22m
[2mdist/[22m[35massets/log-search-DakqRGIt.css                                                 [39m[1m[2m    0.06 kB[22m[1m[22m[2m │ gzip:   0.08 kB[22m
[2mdist/[22m[35massets/index-GyLic9S4.css                                                      [39m[1m[2m    0.08 kB[22m[1m[22m[2m │ gzip:   0.10 kB[22m
[2mdist/[22m[35massets/index-DaPDBuqg.css                                                      [39m[1m[2m    0.09 kB[22m[1m[22m[2m │ gzip:   0.11 kB[22m
[2mdist/[22m[35massets/index-Dtgu1TJw.css                                                      [39m[1m[2m    0.10 kB[22m[1m[22m[2m │ gzip:   0.09 kB[22m
[2mdist/[22m[35massets/index-CdOFVQNR.css                                                      [39m[1m[2m    0.11 kB[22m[1m[22m[2m │ gzip:   0.12 kB[22m
[2mdist/[22m[35massets/user-search-CFZhGQO9.css                                                [39m[1m[2m    0.11 kB[22m[1m[22m[2m │ gzip:   0.12 kB[22m
[2mdist/[22m[35massets/empty-DZ0CBawV.css                                                      [39m[1m[2m    0.14 kB[22m[1m[22m[2m │ gzip:   0.14 kB[22m
[2mdist/[22m[35massets/new-user-1pqc1sqz.css                                                   [39m[1m[2m    0.17 kB[22m[1m[22m[2m │ gzip:   0.14 kB[22m
[2mdist/[22m[35massets/index-B3MSStOz.css                                                      [39m[1m[2m    0.18 kB[22m[1m[22m[2m │ gzip:   0.16 kB[22m
[2mdist/[22m[35massets/index-CIZk353b.css                                                      [39m[1m[2m    0.19 kB[22m[1m[22m[2m │ gzip:   0.12 kB[22m
[2mdist/[22m[35massets/index-BT8bRqVK.css                                                      [39m[1m[2m    0.28 kB[22m[1m[22m[2m │ gzip:   0.17 kB[22m
[2mdist/[22m[35massets/index-ChH7CRvu.css                                                      [39m[1m[2m    0.29 kB[22m[1m[22m[2m │ gzip:   0.17 kB[22m
[2mdist/[22m[35massets/index-C-TAF_cc.css                                                      [39m[1m[2m    0.29 kB[22m[1m[22m[2m │ gzip:   0.19 kB[22m
[2mdist/[22m[35massets/index-CYqDtJg9.css                                                      [39m[1m[2m    0.30 kB[22m[1m[22m[2m │ gzip:   0.19 kB[22m
[2mdist/[22m[35massets/index-C7ZBWPEY.css                                                      [39m[1m[2m    0.36 kB[22m[1m[22m[2m │ gzip:   0.19 kB[22m
[2mdist/[22m[35massets/index-BVuVjJaD.css                                                      [39m[1m[2m    0.45 kB[22m[1m[22m[2m │ gzip:   0.24 kB[22m
[2mdist/[22m[35massets/class-select-Bo_wTWIM.css                                               [39m[1m[2m    0.51 kB[22m[1m[22m[2m │ gzip:   0.24 kB[22m
[2mdist/[22m[35massets/list-iGHC2Hvf.css                                                       [39m[1m[2m    0.55 kB[22m[1m[22m[2m │ gzip:   0.25 kB[22m
[2mdist/[22m[35massets/index-DaCKbAYJ.css                                                      [39m[1m[2m    0.60 kB[22m[1m[22m[2m │ gzip:   0.32 kB[22m
[2mdist/[22m[35massets/class-dashboard-By0Nrmq7.css                                            [39m[1m[2m    0.60 kB[22m[1m[22m[2m │ gzip:   0.28 kB[22m
[2mdist/[22m[35massets/dashboard-r-o9TGDF.css                                                  [39m[1m[2m    0.61 kB[22m[1m[22m[2m │ gzip:   0.31 kB[22m
[2mdist/[22m[35massets/index-BAaHs36w.css                                                      [39m[1m[2m    0.67 kB[22m[1m[22m[2m │ gzip:   0.28 kB[22m
[2mdist/[22m[35massets/index-CqgC7y1o.css                                                      [39m[1m[2m    0.68 kB[22m[1m[22m[2m │ gzip:   0.34 kB[22m
[2mdist/[22m[35massets/index-b7z3esmu.css                                                      [39m[1m[2m    0.76 kB[22m[1m[22m[2m │ gzip:   0.34 kB[22m
[2mdist/[22m[35massets/index-C0PyNZuq.css                                                      [39m[1m[2m    0.82 kB[22m[1m[22m[2m │ gzip:   0.42 kB[22m
[2mdist/[22m[35massets/student-subject-report-CfOm8jYh.css                                     [39m[1m[2m    0.85 kB[22m[1m[22m[2m │ gzip:   0.36 kB[22m
[2mdist/[22m[35massets/index-Cue_66J-.css                                                      [39m[1m[2m    0.89 kB[22m[1m[22m[2m │ gzip:   0.44 kB[22m
[2mdist/[22m[35massets/student-report-CzCdIFRI.css                                             [39m[1m[2m    0.89 kB[22m[1m[22m[2m │ gzip:   0.37 kB[22m
[2mdist/[22m[35massets/user-dialog-BvkEpujf.css                                                [39m[1m[2m    0.89 kB[22m[1m[22m[2m │ gzip:   0.40 kB[22m
[2mdist/[22m[35massets/SubjectSelectDialog-DTihIuqD.css                                        [39m[1m[2m    0.90 kB[22m[1m[22m[2m │ gzip:   0.39 kB[22m
[2mdist/[22m[35massets/vendor-misc-BgDCIyLK.css                                                [39m[1m[2m    1.09 kB[22m[1m[22m[2m │ gzip:   0.44 kB[22m
[2mdist/[22m[35massets/useTable-BF_swEeW.css                                                   [39m[1m[2m    1.13 kB[22m[1m[22m[2m │ gzip:   0.41 kB[22m
[2mdist/[22m[35massets/role-search-C7odSoxK.css                                                [39m[1m[2m    1.37 kB[22m[1m[22m[2m │ gzip:   0.43 kB[22m
[2mdist/[22m[35massets/ScorePanel-0wAvsCYy.css                                                 [39m[1m[2m    1.40 kB[22m[1m[22m[2m │ gzip:   0.52 kB[22m
[2mdist/[22m[35massets/video-dialog-BXJtzf2I.css                                               [39m[1m[2m    1.55 kB[22m[1m[22m[2m │ gzip:   0.51 kB[22m
[2mdist/[22m[35massets/StudentPanel-RoOdTZ1C.css                                               [39m[1m[2m    1.60 kB[22m[1m[22m[2m │ gzip:   0.57 kB[22m
[2mdist/[22m[35massets/index-CaWnIEy9.css                                                      [39m[1m[2m    1.77 kB[22m[1m[22m[2m │ gzip:   0.59 kB[22m
[2mdist/[22m[35massets/index-Da8H4LVX.css                                                      [39m[1m[2m    1.89 kB[22m[1m[22m[2m │ gzip:   0.72 kB[22m
[2mdist/[22m[35massets/index-BtBG064H.css                                                      [39m[1m[2m    1.89 kB[22m[1m[22m[2m │ gzip:   0.72 kB[22m
[2mdist/[22m[35massets/index-d3uBT2qT.css                                                      [39m[1m[2m    1.89 kB[22m[1m[22m[2m │ gzip:   0.63 kB[22m
[2mdist/[22m[35massets/ScoreEditDialog-FzKs1QFT.css                                            [39m[1m[2m    1.97 kB[22m[1m[22m[2m │ gzip:   0.66 kB[22m
[2mdist/[22m[35massets/index-DxMe_p9x.css                                                      [39m[1m[2m    2.01 kB[22m[1m[22m[2m │ gzip:   0.55 kB[22m
[2mdist/[22m[35massets/index-DVtb5Tyi.css                                                      [39m[1m[2m    2.07 kB[22m[1m[22m[2m │ gzip:   0.63 kB[22m
[2mdist/[22m[35massets/StudentSelectDialog-Cqfddajl.css                                        [39m[1m[2m    2.07 kB[22m[1m[22m[2m │ gzip:   0.64 kB[22m
[2mdist/[22m[35massets/index-ROePiDWi.css                                                      [39m[1m[2m    2.13 kB[22m[1m[22m[2m │ gzip:   0.75 kB[22m
[2mdist/[22m[35massets/OverviewPanel-Dn-h0GR5.css                                              [39m[1m[2m    2.14 kB[22m[1m[22m[2m │ gzip:   0.69 kB[22m
[2mdist/[22m[35massets/SubjectBenchmarkDialog-UWLX_TlX.css                                     [39m[1m[2m    2.29 kB[22m[1m[22m[2m │ gzip:   0.73 kB[22m
[2mdist/[22m[35massets/index-BSnWWsIz.css                                                      [39m[1m[2m    2.57 kB[22m[1m[22m[2m │ gzip:   0.86 kB[22m
[2mdist/[22m[35massets/ProjectDialog-dW62xAiS.css                                              [39m[1m[2m    2.70 kB[22m[1m[22m[2m │ gzip:   0.96 kB[22m
[2mdist/[22m[35massets/index-CFoanJPB.css                                                      [39m[1m[2m    3.28 kB[22m[1m[22m[2m │ gzip:   0.88 kB[22m
[2mdist/[22m[35massets/index-VHK9t3JH.css                                                      [39m[1m[2m    3.37 kB[22m[1m[22m[2m │ gzip:   1.17 kB[22m
[2mdist/[22m[35massets/subject-report-Dxjlr3ss.css                                             [39m[1m[2m    3.65 kB[22m[1m[22m[2m │ gzip:   1.05 kB[22m
[2mdist/[22m[35massets/index-DHc1g12i.css                                                      [39m[1m[2m    3.76 kB[22m[1m[22m[2m │ gzip:   1.06 kB[22m
[2mdist/[22m[35massets/course-dialog-Bzo10Nty.css                                              [39m[1m[2m    4.10 kB[22m[1m[22m[2m │ gzip:   1.08 kB[22m
[2mdist/[22m[35massets/PaperEditView-C1cqeT0I.css                                              [39m[1m[2m    6.33 kB[22m[1m[22m[2m │ gzip:   1.52 kB[22m
[2mdist/[22m[35massets/PaperRegionEditor-DL-zzAQA.css                                          [39m[1m[2m    7.28 kB[22m[1m[22m[2m │ gzip:   1.97 kB[22m
[2mdist/[22m[35massets/vendor-image-tools-DWp9fSrr.css                                         [39m[1m[2m    9.66 kB[22m[1m[22m[2m │ gzip:   2.05 kB[22m
[2mdist/[22m[35massets/LoginLeftView-DAETtLXq.css                                              [39m[1m[2m   11.61 kB[22m[1m[22m[2m │ gzip:   2.02 kB[22m
[2mdist/[22m[35massets/index-Q0UW_BSb.css                                                      [39m[1m[2m   21.46 kB[22m[1m[22m[2m │ gzip:   3.79 kB[22m
[2mdist/[22m[35massets/vendor-markdown-CfVKi3_s.css                                            [39m[1m[2m   29.27 kB[22m[1m[22m[2m │ gzip:   8.05 kB[22m
[2mdist/[22m[35massets/index-Cks9MVCH.css                                                      [39m[1m[2m   81.91 kB[22m[1m[22m[2m │ gzip:  15.17 kB[22m
[2mdist/[22m[35massets/vendor-element-xJnz9GAJ.css                                             [39m[1m[2m  368.43 kB[22m[1m[22m[2m │ gzip:  50.03 kB[22m
[2mdist/[22m[36massets/responsive-ClawI15H.js                                                  [39m[1m[2m    0.21 kB[22m[1m[22m[2m │ gzip:   0.16 kB[22m
[2mdist/[22m[36massets/index-B_f9zD12.js                                                       [39m[1m[2m    0.22 kB[22m[1m[22m[2m │ gzip:   0.19 kB[22m
[2mdist/[22m[36massets/todo-list-KM4yNf24.js                                                   [39m[1m[2m    0.25 kB[22m[1m[22m[2m │ gzip:   0.18 kB[22m
[2mdist/[22m[36massets/SystemMonitor-a9YjlQmU.js                                               [39m[1m[2m    0.25 kB[22m[1m[22m[2m │ gzip:   0.19 kB[22m
[2mdist/[22m[36massets/dynamic-stats-BwnX0tXw.js                                               [39m[1m[2m    0.25 kB[22m[1m[22m[2m │ gzip:   0.19 kB[22m
[2mdist/[22m[36massets/echarts-5B8wSQdN.js                                                     [39m[1m[2m    0.25 kB[22m[1m[22m[2m │ gzip:   0.18 kB[22m
[2mdist/[22m[36massets/SystemLogs-BPgJKTTx.js                                                  [39m[1m[2m    0.30 kB[22m[1m[22m[2m │ gzip:   0.21 kB[22m
[2mdist/[22m[36massets/price-dialog-Ee7YM7F2.js                                                [39m[1m[2m    0.30 kB[22m[1m[22m[2m │ gzip:   0.21 kB[22m
[2mdist/[22m[36massets/school-dialog-D3oUSWQa.js                                               [39m[1m[2m    0.31 kB[22m[1m[22m[2m │ gzip:   0.21 kB[22m
[2mdist/[22m[36massets/package-dialog-C2tR84MB.js                                              [39m[1m[2m    0.31 kB[22m[1m[22m[2m │ gzip:   0.21 kB[22m
[2mdist/[22m[36massets/benefits-dialog-D5hJtH4e.js                                             [39m[1m[2m    0.31 kB[22m[1m[22m[2m │ gzip:   0.21 kB[22m
[2mdist/[22m[36massets/role-edit-dialog-C9yftixL.js                                            [39m[1m[2m    0.31 kB[22m[1m[22m[2m │ gzip:   0.21 kB[22m
[2mdist/[22m[36massets/role-permission-dialog-C9t6LOmL.js                                      [39m[1m[2m    0.31 kB[22m[1m[22m[2m │ gzip:   0.21 kB[22m
[2mdist/[22m[36massets/role-search-Q-M16q-p.js                                                 [39m[1m[2m    0.32 kB[22m[1m[22m[2m │ gzip:   0.22 kB[22m
[2mdist/[22m[36massets/user-select-dialog-C8fgSKxs.js                                          [39m[1m[2m    0.34 kB[22m[1m[22m[2m │ gzip:   0.23 kB[22m
[2mdist/[22m[36massets/about-project-DOK-DdQE.js                                               [39m[1m[2m    0.34 kB[22m[1m[22m[2m │ gzip:   0.21 kB[22m
[2mdist/[22m[36massets/active-user-DzY4nevS.js                                                 [39m[1m[2m    0.37 kB[22m[1m[22m[2m │ gzip:   0.24 kB[22m
[2mdist/[22m[36massets/card-list-CL7NzXxd.js                                                   [39m[1m[2m    0.37 kB[22m[1m[22m[2m │ gzip:   0.21 kB[22m
[2mdist/[22m[36massets/AnalysisStats-ORhM6-fA.js                                               [39m[1m[2m    0.38 kB[22m[1m[22m[2m │ gzip:   0.21 kB[22m
[2mdist/[22m[36massets/UserDistribution-DqF_BEAU.js                                            [39m[1m[2m    0.38 kB[22m[1m[22m[2m │ gzip:   0.24 kB[22m
[2mdist/[22m[36massets/GrowthChart-DNabF_3n.js                                                 [39m[1m[2m    0.44 kB[22m[1m[22m[2m │ gzip:   0.25 kB[22m
[2mdist/[22m[36massets/sales-overview-B96pXRsf.js                                              [39m[1m[2m    0.44 kB[22m[1m[22m[2m │ gzip:   0.25 kB[22m
[2mdist/[22m[36massets/BindingStatus-B7G8lGg2.js                                               [39m[1m[2m    0.48 kB[22m[1m[22m[2m │ gzip:   0.35 kB[22m
[2mdist/[22m[36massets/project-CNomoZ2Z.js                                                     [39m[1m[2m    0.52 kB[22m[1m[22m[2m │ gzip:   0.22 kB[22m
[2mdist/[22m[36massets/role-DRmapHwj.js                                                        [39m[1m[2m    0.57 kB[22m[1m[22m[2m │ gzip:   0.24 kB[22m
[2mdist/[22m[36massets/index-D6WraanU.js                                                       [39m[1m[2m    0.59 kB[22m[1m[22m[2m │ gzip:   0.36 kB[22m
[2mdist/[22m[36massets/exam-utils-L1Yekqlv.js                                                  [39m[1m[2m    0.70 kB[22m[1m[22m[2m │ gzip:   0.51 kB[22m
[2mdist/[22m[36massets/index-g8i_w1uQ.js                                                       [39m[1m[2m    0.70 kB[22m[1m[22m[2m │ gzip:   0.33 kB[22m
[2mdist/[22m[36massets/sales-overview.vue_vue_type_script_setup_true_lang-at6IiDAP.js          [39m[1m[2m    0.72 kB[22m[1m[22m[2m │ gzip:   0.50 kB[22m
[2mdist/[22m[36massets/index-kTlxdiU4.js                                                       [39m[1m[2m    0.79 kB[22m[1m[22m[2m │ gzip:   0.39 kB[22m
[2mdist/[22m[36massets/empty-BhYBF2CN.js                                                       [39m[1m[2m    0.79 kB[22m[1m[22m[2m │ gzip:   0.58 kB[22m
[2mdist/[22m[36massets/index-BpGkiERt.js                                                       [39m[1m[2m    0.84 kB[22m[1m[22m[2m │ gzip:   0.41 kB[22m
[2mdist/[22m[36massets/index-COJ-yvNo.js                                                       [39m[1m[2m    0.84 kB[22m[1m[22m[2m │ gzip:   0.37 kB[22m
[2mdist/[22m[36massets/index.vue_vue_type_script_setup_true_lang-2JP6cyNJ.js                   [39m[1m[2m    0.85 kB[22m[1m[22m[2m │ gzip:   0.51 kB[22m
[2mdist/[22m[36massets/GrowthChart.vue_vue_type_script_setup_true_lang-CwlLhHSw.js             [39m[1m[2m    0.93 kB[22m[1m[22m[2m │ gzip:   0.64 kB[22m
[2mdist/[22m[36massets/index.vue_vue_type_script_setup_true_lang-kGn5MI0q.js                   [39m[1m[2m    0.94 kB[22m[1m[22m[2m │ gzip:   0.58 kB[22m
[2mdist/[22m[36massets/index-CfKacX6y.js                                                       [39m[1m[2m    0.95 kB[22m[1m[22m[2m │ gzip:   0.59 kB[22m
[2mdist/[22m[36massets/index-Bkd5UP-2.js                                                       [39m[1m[2m    1.03 kB[22m[1m[22m[2m │ gzip:   0.59 kB[22m
[2mdist/[22m[36massets/index-BFEllc6w.js                                                       [39m[1m[2m    1.03 kB[22m[1m[22m[2m │ gzip:   0.59 kB[22m
[2mdist/[22m[36massets/index-BH-KVzpr.js                                                       [39m[1m[2m    1.03 kB[22m[1m[22m[2m │ gzip:   0.59 kB[22m
[2mdist/[22m[36massets/index-BNmtDOZu.js                                                       [39m[1m[2m    1.05 kB[22m[1m[22m[2m │ gzip:   0.30 kB[22m
[2mdist/[22m[36massets/ArtException.vue_vue_type_script_setup_true_lang-DTW9p-B6.js            [39m[1m[2m    1.17 kB[22m[1m[22m[2m │ gzip:   0.69 kB[22m
[2mdist/[22m[36massets/Iframe-DeFsUROw.js                                                      [39m[1m[2m    1.19 kB[22m[1m[22m[2m │ gzip:   0.69 kB[22m
[2mdist/[22m[36massets/todo-list.vue_vue_type_script_setup_true_lang-sLwT4sFe.js               [39m[1m[2m    1.36 kB[22m[1m[22m[2m │ gzip:   0.77 kB[22m
[2mdist/[22m[36massets/index-BQFZnmJB.js                                                       [39m[1m[2m    1.47 kB[22m[1m[22m[2m │ gzip:   0.43 kB[22m
[2mdist/[22m[36massets/index-C_X_jvfL.js                                                       [39m[1m[2m    1.50 kB[22m[1m[22m[2m │ gzip:   0.81 kB[22m
[2mdist/[22m[36massets/index.vue_vue_type_script_setup_true_lang-ColOBhhJ.js                   [39m[1m[2m    1.53 kB[22m[1m[22m[2m │ gzip:   0.80 kB[22m
[2mdist/[22m[36massets/index-DlwfsRdL.js                                                       [39m[1m[2m    1.53 kB[22m[1m[22m[2m │ gzip:   0.82 kB[22m
[2mdist/[22m[36massets/dynamic-stats.vue_vue_type_script_setup_true_lang-DOIEJ1OZ.js           [39m[1m[2m    1.54 kB[22m[1m[22m[2m │ gzip:   0.87 kB[22m
[2mdist/[22m[36massets/ArtResultPage.vue_vue_type_script_setup_true_lang-DsEHSu3z.js           [39m[1m[2m    1.54 kB[22m[1m[22m[2m │ gzip:   0.86 kB[22m
[2mdist/[22m[36massets/AnalysisStats.vue_vue_type_script_setup_true_lang-gshjiXH9.js           [39m[1m[2m    1.55 kB[22m[1m[22m[2m │ gzip:   0.91 kB[22m
[2mdist/[22m[36massets/index-DDLfqls3.js                                                       [39m[1m[2m    1.56 kB[22m[1m[22m[2m │ gzip:   0.94 kB[22m
[2mdist/[22m[36massets/about-project.vue_vue_type_script_setup_true_lang-B1mzbnPt.js           [39m[1m[2m    1.60 kB[22m[1m[22m[2m │ gzip:   1.06 kB[22m
[2mdist/[22m[36massets/card-list.vue_vue_type_script_setup_true_lang-BokCuwgW.js               [39m[1m[2m    1.62 kB[22m[1m[22m[2m │ gzip:   0.92 kB[22m
[2mdist/[22m[36massets/index-D7C_WOLz.js                                                       [39m[1m[2m    1.63 kB[22m[1m[22m[2m │ gzip:   0.94 kB[22m
[2mdist/[22m[36massets/user-xzU5du7-.js                                                        [39m[1m[2m    1.67 kB[22m[1m[22m[2m │ gzip:   0.80 kB[22m
[2mdist/[22m[36massets/index-BG0pgj6-.js                                                       [39m[1m[2m    2.05 kB[22m[1m[22m[2m │ gzip:   0.83 kB[22m
[2mdist/[22m[36massets/log-search-BjOrFkTm.js                                                  [39m[1m[2m    2.06 kB[22m[1m[22m[2m │ gzip:   0.97 kB[22m
[2mdist/[22m[36massets/useHeaderBar-DGA0VaUF.js                                                [39m[1m[2m    2.16 kB[22m[1m[22m[2m │ gzip:   1.02 kB[22m
[2mdist/[22m[36massets/SystemLogs.vue_vue_type_script_setup_true_lang-BkU8agZz.js              [39m[1m[2m    2.17 kB[22m[1m[22m[2m │ gzip:   1.21 kB[22m
[2mdist/[22m[36massets/index-DTy-fC5v.js                                                       [39m[1m[2m    2.18 kB[22m[1m[22m[2m │ gzip:   1.05 kB[22m
[2mdist/[22m[36massets/price-dialog.vue_vue_type_script_setup_true_lang-D3748ICi.js            [39m[1m[2m    2.24 kB[22m[1m[22m[2m │ gzip:   1.16 kB[22m
[2mdist/[22m[36massets/index.vue_vue_type_script_setup_true_lang-CPm0e7wr.js                   [39m[1m[2m    2.48 kB[22m[1m[22m[2m │ gzip:   1.17 kB[22m
[2mdist/[22m[36massets/index-DA8TZ8xY.js                                                       [39m[1m[2m    2.49 kB[22m[1m[22m[2m │ gzip:   1.28 kB[22m
[2mdist/[22m[36massets/SubjectSelectDialog-vZOKLcuH.js                                         [39m[1m[2m    2.50 kB[22m[1m[22m[2m │ gzip:   1.32 kB[22m
[2mdist/[22m[36massets/episode-dialog-AbZbkQXO.js                                              [39m[1m[2m    2.64 kB[22m[1m[22m[2m │ gzip:   1.33 kB[22m
[2mdist/[22m[36massets/new-user-CWuHaoJm.js                                                    [39m[1m[2m    2.77 kB[22m[1m[22m[2m │ gzip:   1.40 kB[22m
[2mdist/[22m[36massets/class-select-JF_V_g54.js                                                [39m[1m[2m    2.85 kB[22m[1m[22m[2m │ gzip:   1.43 kB[22m
[2mdist/[22m[36massets/benefits-dialog.vue_vue_type_script_setup_true_lang-D94qPzam.js         [39m[1m[2m    2.87 kB[22m[1m[22m[2m │ gzip:   1.50 kB[22m
[2mdist/[22m[36massets/OverviewPanel-CnnozW1V.js                                               [39m[1m[2m    3.01 kB[22m[1m[22m[2m │ gzip:   1.31 kB[22m
[2mdist/[22m[36massets/UserDistribution.vue_vue_type_script_setup_true_lang-AJfEvAOy.js        [39m[1m[2m    3.09 kB[22m[1m[22m[2m │ gzip:   1.57 kB[22m
[2mdist/[22m[36massets/index-DJS0sVd_.js                                                       [39m[1m[2m    3.11 kB[22m[1m[22m[2m │ gzip:   1.60 kB[22m
[2mdist/[22m[36massets/package-dialog.vue_vue_type_script_setup_true_lang-9DSjFmW1.js          [39m[1m[2m    3.16 kB[22m[1m[22m[2m │ gzip:   1.47 kB[22m
[2mdist/[22m[36massets/SystemMonitor.vue_vue_type_script_setup_true_lang-DVRGlFLB.js           [39m[1m[2m    3.16 kB[22m[1m[22m[2m │ gzip:   1.26 kB[22m
[2mdist/[22m[36massets/user-select-dialog.vue_vue_type_script_setup_true_lang-D5NtntyL.js      [39m[1m[2m    3.32 kB[22m[1m[22m[2m │ gzip:   1.71 kB[22m
[2mdist/[22m[36massets/role-edit-dialog.vue_vue_type_script_setup_true_lang-BbbPS-Jl.js        [39m[1m[2m    3.59 kB[22m[1m[22m[2m │ gzip:   1.53 kB[22m
[2mdist/[22m[36massets/school-dialog.vue_vue_type_script_setup_true_lang-Da3UnvDG.js           [39m[1m[2m    3.63 kB[22m[1m[22m[2m │ gzip:   1.91 kB[22m
[2mdist/[22m[36massets/index-CnQ0tUlV.js                                                       [39m[1m[2m    3.71 kB[22m[1m[22m[2m │ gzip:   1.67 kB[22m
[2mdist/[22m[36massets/list-Bu550roH.js                                                        [39m[1m[2m    3.77 kB[22m[1m[22m[2m │ gzip:   1.68 kB[22m
[2mdist/[22m[36massets/ScoreEditDialog-zwGL16tM.js                                             [39m[1m[2m    3.89 kB[22m[1m[22m[2m │ gzip:   1.95 kB[22m
[2mdist/[22m[36massets/user-search-OFnzFYpn.js                                                 [39m[1m[2m    3.92 kB[22m[1m[22m[2m │ gzip:   1.64 kB[22m
[2mdist/[22m[36massets/project-editor-3I2Us9vb.js                                              [39m[1m[2m    4.01 kB[22m[1m[22m[2m │ gzip:   1.13 kB[22m
[2mdist/[22m[36massets/role-permission-dialog.vue_vue_type_script_setup_true_lang-Cjn_bMp-.js  [39m[1m[2m    4.07 kB[22m[1m[22m[2m │ gzip:   2.01 kB[22m
[2mdist/[22m[36massets/video-dialog-BbgxgPCz.js                                                [39m[1m[2m    4.17 kB[22m[1m[22m[2m │ gzip:   2.00 kB[22m
[2mdist/[22m[36massets/active-user.vue_vue_type_script_setup_true_lang-CtTOE5TY.js             [39m[1m[2m    4.21 kB[22m[1m[22m[2m │ gzip:   2.01 kB[22m
[2mdist/[22m[36massets/LoginLeftView-CEJX05_m.js                                               [39m[1m[2m    4.28 kB[22m[1m[22m[2m │ gzip:   1.73 kB[22m
[2mdist/[22m[36massets/SubjectBenchmarkDialog-Ciy7yD3x.js                                      [39m[1m[2m    4.64 kB[22m[1m[22m[2m │ gzip:   2.08 kB[22m
[2mdist/[22m[36massets/StudentPanel-EEpHEAak.js                                                [39m[1m[2m    4.69 kB[22m[1m[22m[2m │ gzip:   2.09 kB[22m
[2mdist/[22m[36massets/index-LnMwIK0Y.js                                                       [39m[1m[2m    4.75 kB[22m[1m[22m[2m │ gzip:   1.96 kB[22m
[2mdist/[22m[36massets/ScorePanel-BM-B4Cdo.js                                                  [39m[1m[2m    4.89 kB[22m[1m[22m[2m │ gzip:   2.10 kB[22m
[2mdist/[22m[36massets/index.vue_vue_type_script_setup_true_lang-YyHQXsUJ.js                   [39m[1m[2m    4.95 kB[22m[1m[22m[2m │ gzip:   2.00 kB[22m
[2mdist/[22m[36massets/index-vaO1ykMf.js                                                       [39m[1m[2m    4.95 kB[22m[1m[22m[2m │ gzip:   2.08 kB[22m
[2mdist/[22m[36massets/index-Qjy0U5QW.js                                                       [39m[1m[2m    5.31 kB[22m[1m[22m[2m │ gzip:   2.45 kB[22m
[2mdist/[22m[36massets/StudentSelectDialog-CTKWc44C.js                                         [39m[1m[2m    5.45 kB[22m[1m[22m[2m │ gzip:   2.20 kB[22m
[2mdist/[22m[36massets/index-Bu043AuR.js                                                       [39m[1m[2m    5.95 kB[22m[1m[22m[2m │ gzip:   2.49 kB[22m
[2mdist/[22m[36massets/index-CpshAa9h.js                                                       [39m[1m[2m    6.06 kB[22m[1m[22m[2m │ gzip:   2.71 kB[22m
[2mdist/[22m[36massets/dashboard-Bf-Til-H.js                                                   [39m[1m[2m    6.09 kB[22m[1m[22m[2m │ gzip:   2.43 kB[22m
[2mdist/[22m[36massets/useChart-CKrgvDEu.js                                                    [39m[1m[2m    6.12 kB[22m[1m[22m[2m │ gzip:   2.68 kB[22m
[2mdist/[22m[36massets/index-6mRxEOxw.js                                                       [39m[1m[2m    6.23 kB[22m[1m[22m[2m │ gzip:   2.68 kB[22m
[2mdist/[22m[36massets/index-CnRWfMJV.js                                                       [39m[1m[2m    6.23 kB[22m[1m[22m[2m │ gzip:   2.93 kB[22m
[2mdist/[22m[36massets/index-BcxIxXNz.js                                                       [39m[1m[2m    6.45 kB[22m[1m[22m[2m │ gzip:   2.65 kB[22m
[2mdist/[22m[36massets/index-Dd1RfyV_.js                                                       [39m[1m[2m    6.53 kB[22m[1m[22m[2m │ gzip:   2.66 kB[22m
[2mdist/[22m[36massets/student-report-DSHPb5UI.js                                              [39m[1m[2m    6.66 kB[22m[1m[22m[2m │ gzip:   2.61 kB[22m
[2mdist/[22m[36massets/index-BUGTCV4g.js                                                       [39m[1m[2m    6.69 kB[22m[1m[22m[2m │ gzip:   2.73 kB[22m
[2mdist/[22m[36massets/index-BuUDOvOd.js                                                       [39m[1m[2m    6.78 kB[22m[1m[22m[2m │ gzip:   2.92 kB[22m
[2mdist/[22m[36massets/class-dashboard-B35M9XJe.js                                             [39m[1m[2m    6.85 kB[22m[1m[22m[2m │ gzip:   3.00 kB[22m
[2mdist/[22m[36massets/index-CMZUzyc3.js                                                       [39m[1m[2m    6.98 kB[22m[1m[22m[2m │ gzip:   4.30 kB[22m
[2mdist/[22m[36massets/ProjectDialog-BAu6FuyZ.js                                               [39m[1m[2m    7.15 kB[22m[1m[22m[2m │ gzip:   2.75 kB[22m
[2mdist/[22m[36massets/index-DAL0o_3Z.js                                                       [39m[1m[2m    7.33 kB[22m[1m[22m[2m │ gzip:   3.09 kB[22m
[2mdist/[22m[36massets/index-DNqTHt_o.js                                                       [39m[1m[2m    7.37 kB[22m[1m[22m[2m │ gzip:   2.86 kB[22m
[2mdist/[22m[36massets/index-CRYiLFp5.js                                                       [39m[1m[2m    7.43 kB[22m[1m[22m[2m │ gzip:   2.94 kB[22m
[2mdist/[22m[36massets/student-subject-report-B17-_CPQ.js                                      [39m[1m[2m    7.48 kB[22m[1m[22m[2m │ gzip:   2.98 kB[22m
[2mdist/[22m[36massets/index-B7wKy0cd.js                                                       [39m[1m[2m    7.50 kB[22m[1m[22m[2m │ gzip:   2.99 kB[22m
[2mdist/[22m[36massets/index-CJ-djj5k.js                                                       [39m[1m[2m    8.42 kB[22m[1m[22m[2m │ gzip:   3.22 kB[22m
[2mdist/[22m[36massets/role-search.vue_vue_type_script_setup_true_lang-Cl2uSI_H.js             [39m[1m[2m    8.50 kB[22m[1m[22m[2m │ gzip:   3.64 kB[22m
[2mdist/[22m[36massets/index-j7HzzrkX.js                                                       [39m[1m[2m    8.97 kB[22m[1m[22m[2m │ gzip:   3.59 kB[22m
[2mdist/[22m[36massets/index-D459eqEB.js                                                       [39m[1m[2m    9.11 kB[22m[1m[22m[2m │ gzip:   3.24 kB[22m
[2mdist/[22m[36massets/index-CyjmVgAj.js                                                       [39m[1m[2m    9.17 kB[22m[1m[22m[2m │ gzip:   3.45 kB[22m
[2mdist/[22m[36massets/index-C1Ini8Nj.js                                                       [39m[1m[2m    9.46 kB[22m[1m[22m[2m │ gzip:   4.95 kB[22m
[2mdist/[22m[36massets/index-DD460e87.js                                                       [39m[1m[2m    9.60 kB[22m[1m[22m[2m │ gzip:   3.76 kB[22m
[2mdist/[22m[36massets/index-8kg-1JVx.js                                                       [39m[1m[2m    9.64 kB[22m[1m[22m[2m │ gzip:   4.01 kB[22m
[2mdist/[22m[36massets/avatar6-6Evj8BB9.js                                                     [39m[1m[2m   11.25 kB[22m[1m[22m[2m │ gzip:   8.36 kB[22m
[2mdist/[22m[36massets/subject-report-CN2gyCcY.js                                              [39m[1m[2m   11.62 kB[22m[1m[22m[2m │ gzip:   3.69 kB[22m
[2mdist/[22m[36massets/index-D9bT_vM-.js                                                       [39m[1m[2m   11.96 kB[22m[1m[22m[2m │ gzip:   3.76 kB[22m
[2mdist/[22m[36massets/index-BqlXWKi4.js                                                       [39m[1m[2m   12.82 kB[22m[1m[22m[2m │ gzip:   4.00 kB[22m
[2mdist/[22m[36massets/menu-dialog-C1-bOgV2.js                                                 [39m[1m[2m   13.23 kB[22m[1m[22m[2m │ gzip:   5.50 kB[22m
[2mdist/[22m[36massets/index-Bg5ouPIL.js                                                       [39m[1m[2m   13.33 kB[22m[1m[22m[2m │ gzip:   6.38 kB[22m
[2mdist/[22m[36massets/course-dialog-CXZ4-VUG.js                                               [39m[1m[2m   13.44 kB[22m[1m[22m[2m │ gzip:   5.07 kB[22m
[2mdist/[22m[36massets/index-CN8ke1FN.js                                                       [39m[1m[2m   14.26 kB[22m[1m[22m[2m │ gzip:   5.49 kB[22m
[2mdist/[22m[36massets/index-BTDPdmgw.js                                                       [39m[1m[2m   16.59 kB[22m[1m[22m[2m │ gzip:   5.08 kB[22m
[2mdist/[22m[36massets/index-DImFAkgK.js                                                       [39m[1m[2m   16.98 kB[22m[1m[22m[2m │ gzip:   6.22 kB[22m
[2mdist/[22m[36massets/user-dialog-jZ_wTX7L.js                                                 [39m[1m[2m   17.22 kB[22m[1m[22m[2m │ gzip:   5.55 kB[22m
[2mdist/[22m[36massets/useTable-C79yrYJ-.js                                                    [39m[1m[2m   17.59 kB[22m[1m[22m[2m │ gzip:   6.99 kB[22m
[2mdist/[22m[36massets/index-BBEqBwF_.js                                                       [39m[1m[2m   18.05 kB[22m[1m[22m[2m │ gzip:   6.71 kB[22m
[2mdist/[22m[36massets/index-BUCspLtz.js                                                       [39m[1m[2m   19.09 kB[22m[1m[22m[2m │ gzip:   6.76 kB[22m
[2mdist/[22m[36massets/PaperEditView--xBlo6tb.js                                               [39m[1m[2m   20.72 kB[22m[1m[22m[2m │ gzip:   7.14 kB[22m
[2mdist/[22m[36massets/index-Ca1I21lT.js                                                       [39m[1m[2m   21.15 kB[22m[1m[22m[2m │ gzip:   7.29 kB[22m
[2mdist/[22m[36massets/PaperRegionEditor-BkDQghMd.js                                           [39m[1m[2m   22.07 kB[22m[1m[22m[2m │ gzip:   7.78 kB[22m
[2mdist/[22m[36massets/vendor-image-tools-W0CHqAi1.js                                          [39m[1m[2m   30.85 kB[22m[1m[22m[2m │ gzip:   8.10 kB[22m
[2mdist/[22m[36massets/index-tiyi-vY3.js                                                       [39m[1m[2m   37.45 kB[22m[1m[22m[2m │ gzip:  14.94 kB[22m
[2mdist/[22m[36massets/vendor-core-cS-1K-cY.js                                                 [39m[1m[2m   65.45 kB[22m[1m[22m[2m │ gzip:  24.22 kB[22m
[2mdist/[22m[36massets/index-CRPxfRvk.js                                                       [39m[1m[2m   98.87 kB[22m[1m[22m[2m │ gzip:  34.70 kB[22m
[2mdist/[22m[36massets/vendor-echarts-H5rrEusn.js                                              [39m[1m[2m  567.35 kB[22m[1m[22m[2m │ gzip: 186.07 kB[22m
[2mdist/[22m[36massets/vendor-element-BH20naPB.js                                              [39m[1m[2m  572.82 kB[22m[1m[22m[2m │ gzip: 170.55 kB[22m
[2mdist/[22m[36massets/vendor-misc-cKhLpB6e.js                                                 [39m[1m[2m  590.69 kB[22m[1m[22m[2m │ gzip: 204.70 kB[22m
[2mdist/[22m[36massets/vendor-markdown-B3_jWI1Q.js                                             [39m[1m[2m1,268.93 kB[22m[1m[22m[2m │ gzip: 397.52 kB[22m
[32m✓ built in 40.39s[39m
